<?xml version="1.0" encoding="UTF-8"?>
<!-- Generated by org.testng.reporters.JUnitReportReporter -->
<testsuite hostname="shamsys" failures="0" tests="1" name="test_pkg_tribesindia.Logout_test" time="6.010" errors="0" timestamp="2025-10-14T11:24:50 IST" skipped="0">
  <testcase classname="test_pkg_tribesindia.Logout_test" name="test" time="6.010"/>
</testsuite> <!-- test_pkg_tribesindia.Logout_test -->
