<?xml version="1.0" encoding="UTF-8"?>
<!-- Generated by org.testng.reporters.JUnitReportReporter -->
<testsuite hostname="shamsys" failures="0" tests="1" name="test_pkg_tribesindia.Registration" time="3.009" errors="0" timestamp="2025-09-18T12:45:34 IST" skipped="0">
  <testcase classname="test_pkg_tribesindia.Registration" name="test" time="3.009"/>
</testsuite> <!-- test_pkg_tribesindia.Registration -->
