<?xml version="1.0" encoding="UTF-8"?>
<!-- Generated by org.testng.reporters.JUnitReportReporter -->
<testsuite hostname="shamsys" failures="0" tests="1" name="test_pkg_tribesindia.AddtoCart_test" time="4.141" errors="0" timestamp="2025-09-22T12:45:35 IST" skipped="0">
  <testcase classname="test_pkg_tribesindia.AddtoCart_test" name="test" time="4.141"/>
</testsuite> <!-- test_pkg_tribesindia.AddtoCart_test -->
