<?xml version="1.0" encoding="UTF-8"?>
<!-- Generated by org.testng.reporters.JUnitReportReporter -->
<testsuite hostname="shamsys" failures="0" tests="1" name="test_pkg_tribesindia.InvalidProductSearch_test" time="3.645" errors="0" timestamp="2025-09-25T12:54:39 IST" skipped="0">
  <testcase classname="test_pkg_tribesindia.InvalidProductSearch_test" name="test" time="3.645"/>
</testsuite> <!-- test_pkg_tribesindia.InvalidProductSearch_test -->
