<?xml version="1.0" encoding="UTF-8"?>
<!-- Generated by org.testng.reporters.JUnitReportReporter -->
<testsuite hostname="shamsys" failures="0" tests="1" name="test_pkg_tribesindia.ProductPurchase_test" time="15.650" errors="0" timestamp="2025-09-23T12:05:31 IST" skipped="0">
  <testcase classname="test_pkg_tribesindia.ProductPurchase_test" name="test" time="15.650"/>
</testsuite> <!-- test_pkg_tribesindia.ProductPurchase_test -->
