<?xml version="1.0" encoding="UTF-8"?>
<!-- Generated by org.testng.reporters.JUnitReportReporter -->
<testsuite hostname="shamsys" failures="0" tests="1" name="test_pkg_tribesindia.Link_validation_test" time="6.922" errors="0" timestamp="2025-09-18T13:30:10 IST" skipped="0">
  <testcase classname="test_pkg_tribesindia.Link_validation_test" name="test" time="6.922"/>
</testsuite> <!-- test_pkg_tribesindia.Link_validation_test -->
