<?xml version="1.0" encoding="UTF-8"?>
<!-- Generated by org.testng.reporters.JUnitReportReporter -->
<testsuite hostname="shamsys" failures="0" tests="1" name="test_pkg_tribesindia.ProductSearch_test" time="12.501" errors="0" timestamp="2025-09-22T11:40:14 IST" skipped="0">
  <testcase classname="test_pkg_tribesindia.ProductSearch_test" name="test" time="12.501"/>
</testsuite> <!-- test_pkg_tribesindia.ProductSearch_test -->
