<?xml version="1.0" encoding="UTF-8"?>
<!-- Generated by org.testng.reporters.JUnitReportReporter -->
<testsuite hostname="shamsys" failures="0" tests="1" name="test_pkg_tribesindia.LogoDisplay_test" time="5.291" errors="0" timestamp="2025-10-14T11:30:24 IST" skipped="0">
  <testcase classname="test_pkg_tribesindia.LogoDisplay_test" name="test" time="5.291"/>
</testsuite> <!-- test_pkg_tribesindia.LogoDisplay_test -->
