<?xml version="1.0" encoding="UTF-8"?>
<!-- Generated by org.testng.reporters.JUnitReportReporter -->
<testsuite hostname="shamsys" failures="0" tests="1" name="test_pkg_tribesindia.Removefromcart_test" time="4.730" errors="0" timestamp="2025-09-26T12:39:46 IST" skipped="0">
  <testcase classname="test_pkg_tribesindia.Removefromcart_test" name="test" time="4.730"/>
</testsuite> <!-- test_pkg_tribesindia.Removefromcart_test -->
